c:\users\simon\documents\visual studio 2013\projects\nac_uebung2\nac_uebung2\debug\vc120.pdb
c:\users\simon\documents\visual studio 2013\projects\nac_uebung2\nac_uebung2\debug\vc120.idb
c:\users\simon\documents\visual studio 2013\projects\nac_uebung2\nac_uebung2\debug\main.nativecodeanalysis.xml
c:\users\simon\documents\visual studio 2013\projects\nac_uebung2\nac_uebung2\debug\matrix.nativecodeanalysis.xml
c:\users\simon\documents\visual studio 2013\projects\nac_uebung2\nac_uebung2\debug\vektor.nativecodeanalysis.xml
c:\users\simon\documents\visual studio 2013\projects\nac_uebung2\nac_uebung2\debug\vektor2d.nativecodeanalysis.xml
c:\users\simon\documents\visual studio 2013\projects\nac_uebung2\nac_uebung2\debug\vektor2d.obj
c:\users\simon\documents\visual studio 2013\projects\nac_uebung2\nac_uebung2\debug\vektor.obj
c:\users\simon\documents\visual studio 2013\projects\nac_uebung2\nac_uebung2\debug\matrix.obj
c:\users\simon\documents\visual studio 2013\projects\nac_uebung2\nac_uebung2\debug\main.obj
c:\users\simon\documents\visual studio 2013\projects\nac_uebung2\debug\nac_uebung2.ilk
c:\users\simon\documents\visual studio 2013\projects\nac_uebung2\debug\nac_uebung2.exe
c:\users\simon\documents\visual studio 2013\projects\nac_uebung2\debug\nac_uebung2.pdb
c:\users\simon\documents\visual studio 2013\projects\nac_uebung2\nac_uebung2\debug\nativecodeanalysis.read.1.tlog
c:\users\simon\documents\visual studio 2013\projects\nac_uebung2\nac_uebung2\debug\vc.nativecodeanalysis.all.xml
c:\users\simon\documents\visual studio 2013\projects\nac_uebung2\debug\nac_uebung2.exe.lastcodeanalysissucceeded
c:\users\simon\documents\visual studio 2013\projects\nac_uebung2\nac_uebung2\debug\nac_uebung2.tlog\cl.command.1.tlog
c:\users\simon\documents\visual studio 2013\projects\nac_uebung2\nac_uebung2\debug\nac_uebung2.tlog\cl.read.1.tlog
c:\users\simon\documents\visual studio 2013\projects\nac_uebung2\nac_uebung2\debug\nac_uebung2.tlog\cl.write.1.tlog
c:\users\simon\documents\visual studio 2013\projects\nac_uebung2\nac_uebung2\debug\nac_uebung2.tlog\link.command.1.tlog
c:\users\simon\documents\visual studio 2013\projects\nac_uebung2\nac_uebung2\debug\nac_uebung2.tlog\link.read.1.tlog
c:\users\simon\documents\visual studio 2013\projects\nac_uebung2\nac_uebung2\debug\nac_uebung2.tlog\link.write.1.tlog
